h:\projects\c++\plexityengine\plexityengine\plexityengine\x64\debug\vc142.pdb
h:\projects\c++\plexityengine\plexityengine\plexityengine\x64\debug\vc142.idb
h:\projects\c++\plexityengine\plexityengine\plexityengine\x64\debug\vulkan.obj
h:\projects\c++\plexityengine\plexityengine\plexityengine\x64\debug\validation.obj
h:\projects\c++\plexityengine\plexityengine\plexityengine\x64\debug\debug.obj
h:\projects\c++\plexityengine\plexityengine\plexityengine\x64\debug\core.obj
h:\projects\c++\plexityengine\plexityengine\plexityengine\x64\debug\log.obj
h:\projects\c++\plexityengine\plexityengine\plexityengine\x64\debug\instance.obj
h:\projects\c++\plexityengine\plexityengine\plexityengine\x64\debug\physicaldevice.obj
h:\projects\c++\plexityengine\plexityengine\plexityengine\x64\debug\queuefamilies.obj
h:\projects\c++\plexityengine\plexityengine\plexityengine\x64\debug\logicaldevice.obj
h:\projects\c++\plexityengine\plexityengine\x64\debug\plexityengine.exe
h:\projects\c++\plexityengine\plexityengine\x64\debug\plexityengine.ilk
h:\projects\c++\plexityengine\plexityengine\x64\debug\plexityengine.pdb
h:\projects\c++\plexityengine\plexityengine\plexityengine\x64\debug\vcpkg.applocal.log
h:\projects\c++\plexityengine\plexityengine\plexityengine\x64\debug\plexityengine.tlog\cl.command.1.tlog
h:\projects\c++\plexityengine\plexityengine\plexityengine\x64\debug\plexityengine.tlog\cl.read.1.tlog
h:\projects\c++\plexityengine\plexityengine\plexityengine\x64\debug\plexityengine.tlog\cl.write.1.tlog
h:\projects\c++\plexityengine\plexityengine\plexityengine\x64\debug\plexityengine.tlog\link.command.1.tlog
h:\projects\c++\plexityengine\plexityengine\plexityengine\x64\debug\plexityengine.tlog\link.read.1.tlog
h:\projects\c++\plexityengine\plexityengine\plexityengine\x64\debug\plexityengine.tlog\link.write.1.tlog
h:\projects\c++\plexityengine\plexityengine\plexityengine\x64\debug\plexityengine.tlog\plexityengine.write.1u.tlog
